/usr/common/software/python/3.6-anaconda-4.4/lib/python3.6/site-packages/h5py/__init__.py:34: FutureWarning: Conversion of the second argument of issubdtype from `float` to `np.floating` is deprecated. In future, it will be treated as `np.float64 == np.dtype(float).type`.
  from ._conv import register_converters as _register_converters
Number of arguments: 1
Argument List: ['mainen_4p']
read data from hdf5: /global/homes/b/balewski/prj/roy-neuron-sim-data/mainen_4par-v29/raw/mainen_4paramsv29_512_10chirp23a.h5
read  binQA (512,)
read  norm_par (512, 14)
read  phys_par (512, 14)
read  phys_par_range (14, 2)
read  stim (23000,)
read  voltages (512, 23000)
418
Traceback (most recent call last):
  File "./eFEL_baseline.py", line 204, in <module>
    main()
  File "./eFEL_baseline.py", line 182, in main
    if '.h5' in files[i]:
IndexError: list index out of range

real	0m37.854s
user	0m0.480s
sys	0m0.808s
