/usr/common/software/python/3.6-anaconda-4.4/lib/python3.6/site-packages/h5py/__init__.py:34: FutureWarning: Conversion of the second argument of issubdtype from `float` to `np.floating` is deprecated. In future, it will be treated as `np.float64 == np.dtype(float).type`.
  from ._conv import register_converters as _register_converters
Number of arguments: 1
Argument List: ['izhi']
read data from hdf5: /global/homes/b/balewski/prj/roy-neuron-sim-data/izhi_v6c/raw/izhi_v6c_chirp23a.h5
read  norm_par (50000, 4)
read  phys_par (50000, 4)
read  phys_par_range (4, 2)
read  qa (50000,)
read  stim (23000,)
read  voltages (50000, 23000)
50000
final number of traces: 1000
traces_dicts created
Feature extraction runtime (min): 0.3486550847689311
[1000, 1000, 1000, 1000, 1000]
mean_frequency 500
time_to_first_spike 500
mean_AP_amplitude 500
AHP_depth 500
spike_half_width 500

real	0m34.013s
user	0m21.732s
sys	0m5.560s
