/usr/common/software/python/3.6-anaconda-4.4/lib/python3.6/site-packages/h5py/__init__.py:34: FutureWarning: Conversion of the second argument of issubdtype from `float` to `np.floating` is deprecated. In future, it will be treated as `np.float64 == np.dtype(float).type`.
  from ._conv import register_converters as _register_converters
Number of arguments: 1
Argument List: ['hh_4p_hard']
read data from hdf5: /global/homes/b/balewski/prj/roy-neuron-sim-data/hh_ball_stick_4par_hard_v3/raw/hh_ball_stick_4param_hard_v3_1.h5
read  binQA (50000,)
read  norm_par (50000, 9)
read  phys_par (50000, 9)
read  phys_par_range (9, 2)
read  stim (23000,)
read  voltages (50000, 23000)
50000
final number of traces: 50000
traces_dicts created
/global/homes/k/kyoungh/.local/cori/3.6-anaconda-4.4/lib/python3.6/site-packages/efel/api.py:480: RuntimeWarning: Error while calculating feature mean_AP_amplitude: AP_amplitude: More peak_voltage entries during the stimulus than AP_begin_indices entries
Feature [AP_amplitude] is missing
Error calculating AP_amplitude for mean_AP_amplitude
  RuntimeWarning)
mean_frequency 25000
histogram RMS 60.34966710088919
time_to_first_spike 25000
histogram RMS 0.8490415773093922
mean_AP_amplitude 19353
histogram RMS 14.40996245068428
AHP_depth 25000
histogram RMS 14.523387547118274
spike_half_width 25000
histogram RMS 0.6295235540190025

real	18m38.321s
user	16m21.128s
sys	0m25.272s
